 L =   8.54988028017667      M =   5.00000047683716      a=
   1.70997589295932     
 uneven_parts =            0
 rank:            0 imin:            1 imax          25 particles          25
 L =   8.54988028017667      M =   5.00000047683716      a=
   1.70997589295932     
 L =   8.54988028017667      M =   5.00000047683716      a=
   1.70997589295932     
 uneven_parts =            0
 rank:            4 imin:          101 imax         125 particles          25
 uneven_parts =            0
 rank:            2 imin:           51 imax          75 particles          25
 L =   8.54988028017667      M =   5.00000047683716      a=
   1.70997589295932     
 uneven_parts =            0
 rank:            1 imin:           26 imax          50 particles          25
 L =   8.54988028017667      M =   5.00000047683716      a=
   1.70997589295932     
 uneven_parts =            0
 rank:            3 imin:           76 imax         100 particles          25
          25          25          25          25          25
          25          25          25          25          25
          25          25          25          25          25
          25          25          25          25          25
          25          25          25          25          25
 displs_recv           0          25          50          75         100
   1.36014705087354     
 Loop starts
 displs_recv           0          25          50          75         100
   1.36014705087354     
 Loop starts
 displs_recv           0          25          50          75         100
   1.36014705087354     
 displs_recv           0          25          50          75         100
   1.36014705087354     
 Loop starts
 displs_recv           0          25          50          75         100
   1.36014705087354     
 Loop starts
 dt =   9.999999747378752E-005
 # time , pot, kin , total , momentum
 Loop starts
          10 %
          20 %
          30 %
          40 %
          50 %
          60 %
          70 %
          80 %
          90 %
 Time elapsed:    1.85083147700000     
 Barrier passed
 Time elapsed:    1.85092089400000     
 Barrier passed
 Time elapsed:    1.85093268500000     
 Barrier passed
 Time elapsed:    1.85081527700000     
 Barrier passed
         100 %
 r_out  -4188.76905838570        4182.08739646648       -4248.23369562645     
  -4185.39742969308        4203.04720439284       -4205.91115468710     
  -4182.46000090671       -4237.55146969269       -4247.47574682501     
  -4245.35990398941       -4247.87978947598        4212.41054076719     
  -4205.54937625742        4211.19646905690        4232.80000334448     
   4194.64648679379       -2622.81453314386        4203.18930633125     
  -4252.79125779984        4176.29893194126        4214.76409991289     
   932.493629949211       -4255.53648337632       -4167.31713688562     
   4135.77673277254       -2522.22894661943       -2521.62339286331     
  -2525.07677617287       -2707.76457363940       -2413.72737455074     
  -2591.13779414397       -2561.17568026181       -2554.55216739294     
  -2633.13742570391       -2471.05647937420       -2547.45978202074     
  -2535.53660222753       -2475.62375584109       -2570.06653347113     
  -2561.73112796081       -2509.02332092106       -2600.29181543919     
  -2656.99165921885       -2568.12390358740       -2516.30091291268     
  -2508.44780226254       -2651.47535122718       -2646.50469317027     
  -2546.79815007268       -2625.71182746569       -862.422101004596     
  -835.786600137085       -858.922750229358       -810.904847674646     
  -824.208872716143       -817.306408134331       -843.606324524235     
  -848.682174019981       -829.681263961011       -859.562633426583     
  -977.361567744601       -857.848833506116       -842.616161882535     
  -832.543846683818       -840.688896398070       -924.429364748434     
  -890.208794030710       -953.638627615048       -814.312981008692     
  -974.592174644798       -875.779211149018       -893.908909686420     
  -814.524744402574       -881.880126894540       -760.603274358476     
   853.683610569834        854.198581369551        880.201668035787     
   767.700853467904        729.878960345598        840.799363806100     
   972.041424255305        819.015972871729        886.862543276526     
   800.530427623430        833.015451057471        919.318549071294     
   811.196035644822        860.021793373119        759.901117436929     
   835.437925576435        788.603859270168        834.565910410642     
   935.384418906893        915.496592890939        860.055563676754     
   890.811493473309        948.974539477239        789.808371032388     
   905.781999924342        2560.86490397973        2579.25824200471     
   2536.54657066723        2463.89696434615        2547.20122759874     
   2436.42849014679        2668.00311174610        2595.03785386185     
   2532.33997297027        2626.41787074477        2580.75389806884     
   2495.31316623190        2545.52178286473        2545.91648627229     
   2581.01591841617        2522.59767123956        2527.14447569405     
   2558.96664828395        2537.86949261305        2530.81988706759     
   2622.02753233311        2527.73529436591        2513.89597442634     
   2548.73838734633        2657.54784881095        4155.54849045750     
  -4199.92174103001       -4201.90833488869       -4255.43128872014     
  -4240.28979035566       -2742.65251426858       -2509.28385413304     
  -2529.71823201347       -2510.77789320224       -2547.39302020881     
  -802.762645946387       -843.368505982769       -858.934317972228     
  -812.396730959813       -975.543375321988        833.598827072082     
   888.393367134450        895.472785308256        841.005648217570     
   845.541565363666        2632.27359705157        2617.25539243830     
   2514.70419828616        2604.45377044076        2501.06895390845     
   4203.81168569455       -4204.74364647094       -3790.30295238764     
  -4215.55384635438       -4242.98885661811       -2610.94712918392     
  -2516.86819540018       -2530.56161915302       -2572.72717050658     
  -2473.15062709218       -873.343608711042       -897.114026852969     
  -822.927440822266       -826.324903649501       -855.212767481734     
   916.788751062410        756.404567565424        827.008503693065     
   807.948379671529        845.966191836215        2595.02306368957     
   2533.44553566112        2564.30076862641        2551.91982272924     
   2577.61908467937        4224.21453620464       -4170.09600687446     
   4252.89560051076       -492.757179833120       -4215.41663688485     
  -2573.74106991990       -2533.91257557856       -2495.60022297522     
  -2448.80094457352       -2607.33366021590       -888.307669883823     
  -867.813323506535       -792.197700540609       -813.556762215675     
  -800.070375801225        862.051780415769        857.776043135845     
   920.066974527546        821.640130077466        877.615118462717     
   2511.24017997268        2485.83956572350        2665.35477224090     
   2623.94612332442        2564.76621149605       -4261.51666598194     
  -4249.47445373243        4198.01529435625       -4227.00894822276     
   1148.12656615293       -2547.98622085849       -2528.70983646150     
  -2522.76965968313       -2594.45376098525       -2660.36942250067     
  -818.203481674776       -738.530500199048       -892.141080946649     
  -837.479413608292       -857.674954189326        909.912122630563     
   820.790876684673        857.395955120822        858.706169510886     
   815.946793846570        2643.68750012906        2476.98677724758     
   2567.48026356236        2590.05150333841        2453.37712375256     
  -4190.24391396429       -4222.14008020805        4197.72850728724     
   4189.14883339529       -4250.50659399843       -2484.89506701459     
  -2484.30922923002       -2585.34545747448       -2565.06970216254     
  -2533.64615644543       -817.203275596149       -778.020827188963     
  -880.265289391852       -807.257262969402       -686.562210606548     
   869.960614841389        901.511660864832        743.600517093980     
   810.933036570506        822.923404121412        2652.43216706531     
   2656.81443221137        2559.20005940297        2482.21639028087     
   2591.64193673657       -4256.17173979599       -2641.99860573477     
  -813.804801481154        847.676533450171        2538.53983540781     
   4229.66558629635       -2561.74734128532       -887.690016694377     
   909.410135793914        2601.82653321702        4210.14585931577     
  -2471.63901604426       -864.466621908222        846.860262473677     
   2497.89484674941        2994.79171936257       -2427.50020028666     
  -847.652709890375        847.556826228211        2561.95095518120     
   4233.27369005317       -2578.39757412114       -829.989218309885     
   843.055663404308        2542.51559303886       -4198.07546091981     
  -2558.31535314676       -918.230081608952        776.094309911159     
   2473.44216165235       -4131.05847759552       -2598.97918690159     
  -800.815514041688        816.498244966366        2584.93785817239     
   4245.56450548096       -2601.47568013260       -753.170921236313     
   871.634153400752        2498.16090468879       -4244.92483955755     
  -2556.95230542226       -813.171819539845        931.084228483118     
   2418.95193537220       -4210.28788816460       -2598.50601361440     
  -837.933221498493        886.017634329460        2396.65581534531     
   4165.50561991984       -2520.79039211224       -844.581121020867     
   802.591604769680        2602.26978181772       -4175.79071719991     
  -2506.65624394678       -926.504354578428        918.451915694383     
   2487.99723125011       -4236.78994676126       -2443.37434394604     
  -840.739027194360        864.869935449717        2595.42462704334     
  -4231.05384326157       -2450.37882388389       -828.745865726100     
   917.729827899649        2549.20822352833        4245.67165185070     
  -2593.64764842469       -900.465413713738        857.044840188657     
   2552.94475867807        4215.55985747883       -2659.31225238876     
  -797.892178925924        850.007850485231        2646.78342627675     
  -4236.84941373002       -2615.61633185446       -851.062487125145     
   820.384236582350        2602.57634152253       -4039.65433418494     
  -2565.66451186076       -936.813568453487        822.912364440552     
   2592.57409220173       -4239.90412101328       -2554.00355248806     
  -800.142646258589        885.552017900094        2423.00604036687     
  -4122.64155676980       -2534.17349201408       -847.492216393638     
   898.416650660812        2561.92451493505        4194.70332489405     
  -2611.51418601493       -852.948849591778        831.504361884788     
   2487.44399944393        4225.18834278624       -2636.91145349012     
  -1001.32259101767        841.448550444325        2595.61411038887     
   4213.81928505097       -2566.26621894254       -882.339869593432     
   727.393626810609        2582.73366315000        4238.94537656798     
  -2551.48082760724       -736.227237098713        850.043137227566     
   2531.73731984637        4221.49102449863       -2530.76195425221     
  -933.710604420652        804.897715453749        2597.96995418559     
 Time elapsed:    1.85227185500000     
 Barrier passed
 MPI finalized
 MPI finalized
 MPI finalized
 MPI finalized
 MPI finalized
