\BOOKMARK [0][-]{chapter.1}{\376\377\0001\000\040\000P\000r\000o\000j\000e\000c\000t\000-\000I\000I\000I\000:\000\040\000S\000i\000m\000u\000l\000a\000t\000i\000o\000n\000\040\000o\000f\000\040\000a\000\040\000V\000a\000n\000\040\000d\000e\000r\000\040\000W\000a\000a\000l\000s\000\040\000g\000a\000s\000\040\000u\000s\000i\000n\000g\000\040\000M\000o\000l\000e\000c\000u\000l\000a\000r\000\040\000D\000y\000n\000a\000m\000i\000c\000s\000.}{}% 1
\BOOKMARK [1][-]{section.1.1}{\376\377\0001\000.\0001\000\040\000B\000r\000i\000e\000f\000\040\000d\000e\000s\000c\000r\000i\000p\000t\000i\000o\000n\000\040\000o\000f\000\040\000t\000h\000e\000\040\000p\000r\000o\000j\000e\000c\000t}{chapter.1}% 2
\BOOKMARK [1][-]{section.1.2}{\376\377\0001\000.\0002\000\040\000T\000e\000a\000m\000\040\000M\000e\000m\000b\000e\000r\000s\000\040\000a\000n\000d\000\040\000R\000e\000s\000p\000o\000n\000s\000i\000b\000i\000l\000i\000t\000i\000e\000s}{chapter.1}% 3
\BOOKMARK [1][-]{section.1.3}{\376\377\0001\000.\0003\000\040\000P\000r\000e\000r\000e\000q\000u\000i\000s\000i\000t\000e\000s}{chapter.1}% 4
\BOOKMARK [1][-]{section.1.4}{\376\377\0001\000.\0004\000\040\000H\000o\000w\000\040\000t\000o}{chapter.1}% 5
\BOOKMARK [2][-]{subsection.1.4.1}{\376\377\0001\000.\0004\000.\0001\000\040\000Q\000u\000i\000c\000k\000\040\000g\000u\000i\000d\000e}{section.1.4}% 6
\BOOKMARK [1][-]{section.1.5}{\376\377\0001\000.\0005\000\040\000H\000e\000l\000p}{chapter.1}% 7
\BOOKMARK [1][-]{section.1.6}{\376\377\0001\000.\0006\000\040\000C\000o\000n\000t\000r\000i\000b\000u\000t\000o\000r\000s}{chapter.1}% 8
\BOOKMARK [0][-]{chapter.2}{\376\377\0002\000\040\000M\000o\000d\000u\000l\000e\000s\000\040\000I\000n\000d\000e\000x}{}% 9
\BOOKMARK [1][-]{section.2.1}{\376\377\0002\000.\0001\000\040\000M\000o\000d\000u\000l\000e\000s\000\040\000L\000i\000s\000t}{chapter.2}% 10
\BOOKMARK [0][-]{chapter.3}{\376\377\0003\000\040\000M\000o\000d\000u\000l\000e\000\040\000D\000o\000c\000u\000m\000e\000n\000t\000a\000t\000i\000o\000n}{}% 11
\BOOKMARK [1][-]{section.3.1}{\376\377\0003\000.\0001\000\040\000f\000o\000r\000c\000e\000s\000\040\000M\000o\000d\000u\000l\000e\000\040\000R\000e\000f\000e\000r\000e\000n\000c\000e}{chapter.3}% 12
\BOOKMARK [2][-]{subsection.3.1.1}{\376\377\0003\000.\0001\000.\0001\000\040\000D\000e\000t\000a\000i\000l\000e\000d\000\040\000D\000e\000s\000c\000r\000i\000p\000t\000i\000o\000n}{section.3.1}% 13
\BOOKMARK [2][-]{subsection.3.1.2}{\376\377\0003\000.\0001\000.\0002\000\040\000F\000u\000n\000c\000t\000i\000o\000n\000/\000S\000u\000b\000r\000o\000u\000t\000i\000n\000e\000\040\000D\000o\000c\000u\000m\000e\000n\000t\000a\000t\000i\000o\000n}{section.3.1}% 14
\BOOKMARK [3][-]{subsubsection.3.1.2.1}{\376\377\0003\000.\0001\000.\0002\000.\0001\000\040\000f\000i\000n\000d\000\137\000f\000o\000r\000c\000e\000\137\000l\000j\000\050\000\051\000\040\000[\0001\000/\0002\000]}{subsection.3.1.2}% 15
\BOOKMARK [3][-]{subsubsection.3.1.2.2}{\376\377\0003\000.\0001\000.\0002\000.\0002\000\040\000f\000i\000n\000d\000\137\000f\000o\000r\000c\000e\000\137\000l\000j\000\050\000\051\000\040\000[\0002\000/\0002\000]}{subsection.3.1.2}% 16
\BOOKMARK [1][-]{section.3.2}{\376\377\0003\000.\0002\000\040\000i\000n\000i\000t\000i\000a\000l\000i\000z\000a\000t\000i\000o\000n\000\040\000M\000o\000d\000u\000l\000e\000\040\000R\000e\000f\000e\000r\000e\000n\000c\000e}{chapter.3}% 17
\BOOKMARK [2][-]{subsection.3.2.1}{\376\377\0003\000.\0002\000.\0001\000\040\000D\000e\000t\000a\000i\000l\000e\000d\000\040\000D\000e\000s\000c\000r\000i\000p\000t\000i\000o\000n}{section.3.2}% 18
\BOOKMARK [2][-]{subsection.3.2.2}{\376\377\0003\000.\0002\000.\0002\000\040\000F\000u\000n\000c\000t\000i\000o\000n\000/\000S\000u\000b\000r\000o\000u\000t\000i\000n\000e\000\040\000D\000o\000c\000u\000m\000e\000n\000t\000a\000t\000i\000o\000n}{section.3.2}% 19
\BOOKMARK [3][-]{subsubsection.3.2.2.1}{\376\377\0003\000.\0002\000.\0002\000.\0001\000\040\000d\000i\000s\000t\000r\000i\000b\000u\000t\000e\000\137\000p\000a\000r\000t\000i\000c\000l\000e\000s\000\050\000\051}{subsection.3.2.2}% 20
\BOOKMARK [3][-]{subsubsection.3.2.2.2}{\376\377\0003\000.\0002\000.\0002\000.\0002\000\040\000i\000n\000i\000t\000i\000a\000l\000i\000z\000e\000\137\000p\000o\000s\000i\000t\000i\000o\000n\000s\000\050\000\051}{subsection.3.2.2}% 21
\BOOKMARK [3][-]{subsubsection.3.2.2.3}{\376\377\0003\000.\0002\000.\0002\000.\0003\000\040\000i\000n\000i\000t\000i\000a\000l\000i\000z\000e\000\137\000v\000e\000l\000o\000c\000i\000t\000i\000e\000s\000\050\000\051}{subsection.3.2.2}% 22
\BOOKMARK [1][-]{section.3.3}{\376\377\0003\000.\0003\000\040\000i\000n\000t\000e\000g\000r\000a\000t\000o\000r\000s\000\040\000M\000o\000d\000u\000l\000e\000\040\000R\000e\000f\000e\000r\000e\000n\000c\000e}{chapter.3}% 23
\BOOKMARK [2][-]{subsection.3.3.1}{\376\377\0003\000.\0003\000.\0001\000\040\000D\000e\000t\000a\000i\000l\000e\000d\000\040\000D\000e\000s\000c\000r\000i\000p\000t\000i\000o\000n}{section.3.3}% 24
\BOOKMARK [2][-]{subsection.3.3.2}{\376\377\0003\000.\0003\000.\0002\000\040\000F\000u\000n\000c\000t\000i\000o\000n\000/\000S\000u\000b\000r\000o\000u\000t\000i\000n\000e\000\040\000D\000o\000c\000u\000m\000e\000n\000t\000a\000t\000i\000o\000n}{section.3.3}% 25
\BOOKMARK [3][-]{subsubsection.3.3.2.1}{\376\377\0003\000.\0003\000.\0002\000.\0001\000\040\000b\000m\000\050\000\051}{subsection.3.3.2}% 26
\BOOKMARK [3][-]{subsubsection.3.3.2.2}{\376\377\0003\000.\0003\000.\0002\000.\0002\000\040\000i\000n\000s\000t\000\137\000t\000e\000m\000p\000\050\000\051}{subsection.3.3.2}% 27
\BOOKMARK [3][-]{subsubsection.3.3.2.3}{\376\377\0003\000.\0003\000.\0002\000.\0003\000\040\000k\000i\000n\000e\000t\000i\000c\000\137\000e\000n\000e\000r\000g\000y\000\050\000\051}{subsection.3.3.2}% 28
\BOOKMARK [3][-]{subsubsection.3.3.2.4}{\376\377\0003\000.\0003\000.\0002\000.\0004\000\040\000m\000o\000m\000e\000n\000t\000u\000m\000\050\000\051}{subsection.3.3.2}% 29
\BOOKMARK [3][-]{subsubsection.3.3.2.5}{\376\377\0003\000.\0003\000.\0002\000.\0005\000\040\000t\000i\000m\000e\000\137\000s\000t\000e\000p\000\137\000e\000u\000l\000e\000r\000\137\000p\000b\000c\000\050\000\051}{subsection.3.3.2}% 30
\BOOKMARK [3][-]{subsubsection.3.3.2.6}{\376\377\0003\000.\0003\000.\0002\000.\0006\000\040\000t\000i\000m\000e\000\137\000s\000t\000e\000p\000\137\000v\000e\000r\000l\000e\000t\000\050\000\051}{subsection.3.3.2}% 31
\BOOKMARK [3][-]{subsubsection.3.3.2.7}{\376\377\0003\000.\0003\000.\0002\000.\0007\000\040\000t\000i\000m\000e\000\137\000s\000t\000e\000p\000\137\000v\000v\000e\000r\000l\000e\000t\000\050\000\051\000\040\000[\0001\000/\0002\000]}{subsection.3.3.2}% 32
\BOOKMARK [3][-]{subsubsection.3.3.2.8}{\376\377\0003\000.\0003\000.\0002\000.\0008\000\040\000t\000i\000m\000e\000\137\000s\000t\000e\000p\000\137\000v\000v\000e\000r\000l\000e\000t\000\050\000\051\000\040\000[\0002\000/\0002\000]}{subsection.3.3.2}% 33
\BOOKMARK [0][-]{section*.4}{\376\377\000I\000n\000d\000e\000x}{}% 34
